<?xml version="1.0" encoding="UTF-8"?>
<!-- Generated by org.testng.reporters.JUnitReportReporter -->
<testsuite skipped="0" hostname="DESKTOP-H3C7SM4" name="com.Teestngp.test" tests="2" failures="0" timestamp="04 Nov 2019 09:34:33 GMT" time="0.015" errors="0">
  <testcase name="test5" time="0.015" classname="com.Teestngp.test"/>
  <testcase name="test6" time="0.000" classname="com.Teestngp.test"/>
</testsuite> <!-- com.Teestngp.test -->
